<?xml version="1.0" encoding="UTF-8"?>
<!-- Generated by org.testng.reporters.JUnitReportReporter -->
<testsuite hostname="RAJRATNAA" failures="0" tests="1" name="com.TestNG.TestClass" time="0.016" errors="0" timestamp="2022-12-08T20:20:06 IST" skipped="0">
  <testcase classname="com.TestNG.TestClass" name="testcase1" time="0.016"/>
  <system-out/>
</testsuite> <!-- com.TestNG.TestClass -->
