<?xml version="1.0" encoding="UTF-8"?>
<!-- Generated by org.testng.reporters.JUnitReportReporter -->
<testsuite hostname="RAJRATNAA" failures="0" tests="2" name="com.DailyPractice.Annotations" time="0.010" errors="0" timestamp="2022-12-22T17:41:41 IST" skipped="0">
  <testcase classname="com.DailyPractice.Annotations" name="LoginPage" time="0.002"/>
  <system-out/>
  <testcase classname="com.DailyPractice.Annotations" name="HomePage" time="0.008"/>
  <system-out/>
</testsuite> <!-- com.DailyPractice.Annotations -->
