<?xml version="1.0" encoding="UTF-8"?>
<!-- Generated by org.testng.reporters.JUnitReportReporter -->
<testsuite hostname="RAJRATNAA" failures="0" tests="1" name="com.DailyPractice.TestNGTestCases" time="0.013" errors="0" timestamp="2022-12-22T16:24:19 IST" skipped="0">
  <testcase classname="com.DailyPractice.TestNGTestCases" name="f" time="0.013"/>
  <system-out/>
</testsuite> <!-- com.DailyPractice.TestNGTestCases -->
