<?xml version="1.0" encoding="UTF-8"?>
<!-- Generated by org.testng.reporters.JUnitReportReporter -->
<testsuite hostname="RAJRATNAA" failures="0" tests="2" name="com.DailyPractice.TestNGCases" time="0.012" errors="0" timestamp="2022-12-22T16:40:06 IST" skipped="0">
  <testcase classname="com.DailyPractice.TestNGCases" name="testcase1" time="0.011"/>
  <system-out/>
  <testcase classname="com.DailyPractice.TestNGCases" name="testcase2" time="0.001"/>
  <system-out/>
</testsuite> <!-- com.DailyPractice.TestNGCases -->
